<?xml version="1.0" encoding="UTF-8"?>
<!-- Generated by org.testng.reporters.JUnitXMLReporter -->
<testsuite hostname="Admins-MacBook-Pro.local" ignored="4" tests="0" failures="0" timestamp="20 Dec 2017 04:25:44 GMT" time="0.003" errors="0">
  <testcase name="login" time="0.0" classname="website_navigation.NewTest">
    <ignored/>
  </testcase> <!-- login -->
  <testcase name="verifyArticlePageHasMedia" time="0.0" classname="website_navigation.NewTest">
    <ignored/>
  </testcase> <!-- verifyArticlePageHasMedia -->
  <testcase name="verifyNavigationToMainArticle" time="0.0" classname="website_navigation.NewTest">
    <ignored/>
  </testcase> <!-- verifyNavigationToMainArticle -->
  <testcase name="verifyMainArticleHasMedia" time="0.0" classname="website_navigation.NewTest">
    <ignored/>
  </testcase> <!-- verifyMainArticleHasMedia -->
</testsuite>
