<?xml version="1.0" encoding="UTF-8"?>
<!-- Generated by org.testng.reporters.JUnitXMLReporter -->
<testsuite ignored="0" hostname="Prachis-MacBook-Air.local" failures="0" tests="4" name="Default test" time="51.856" errors="0" timestamp="20 Dec 2017 12:23:58 GMT">
  <testcase classname="website_navigation.NewTest" name="login" time="17.855"/>
  <testcase classname="website_navigation.NewTest" name="verifyMainArticleHasMedia" time="0.324"/>
  <testcase classname="website_navigation.NewTest" name="verifyNavigationToMainArticle" time="6.265"/>
  <testcase classname="website_navigation.NewTest" name="verifyArticlePageHasMedia" time="0.001"/>
</testsuite> <!-- Default test -->
