<?xml version="1.0" encoding="UTF-8"?>
<!-- Generated by org.testng.reporters.JUnitXMLReporter -->
<testsuite hostname="Admins-MacBook-Pro.local" ignored="0" name="NewTest" tests="4" failures="0" timestamp="20 Dec 2017 07:55:17 GMT" time="30.356" errors="0">
  <testcase name="login" time="9.548" classname="website_navigation.NewTest"/>
  <testcase name="verifyMainArticleHasMedia" time="0.213" classname="website_navigation.NewTest"/>
  <testcase name="verifyNavigationToMainArticle" time="4.329" classname="website_navigation.NewTest"/>
  <testcase name="verifyArticlePageHasMedia" time="0.0" classname="website_navigation.NewTest"/>
</testsuite> <!-- NewTest -->
