<?xml version="1.0" encoding="UTF-8"?>
<testng-results ignored="0" total="4" passed="4" failed="0" skipped="0">
  <reporter-output>
    <line>
      <![CDATA[The main article has a picture/video. 
]]>
    </line>
    <line>
      <![CDATA[The page has been navigated to the main article, and the picture/video is present in the article. 
]]>
    </line>
  </reporter-output>
  <suite started-at="2017-12-20T12:20:29Z" name="StraitTimes test" finished-at="2017-12-20T12:21:28Z" duration-ms="58643">
    <groups>
    </groups>
    <test started-at="2017-12-20T12:20:29Z" name="NewTest" finished-at="2017-12-20T12:21:28Z" duration-ms="58643">
      <class name="website_navigation.NewTest">
        <test-method is-config="true" signature="setup()[pri:0, instance:website_navigation.NewTest@1bd4fdd]" started-at="2017-12-20T20:20:29Z" name="setup" finished-at="2017-12-20T20:20:53Z" duration-ms="24134" status="PASS">
          <reporter-output>
          </reporter-output>
        </test-method> <!-- setup -->
        <test-method signature="login()[pri:1, instance:website_navigation.NewTest@1bd4fdd]" started-at="2017-12-20T20:20:53Z" name="login" finished-at="2017-12-20T20:21:19Z" duration-ms="25379" status="PASS">
          <reporter-output>
          </reporter-output>
        </test-method> <!-- login -->
        <test-method signature="verifyMainArticleHasMedia()[pri:2, instance:website_navigation.NewTest@1bd4fdd]" started-at="2017-12-20T20:21:19Z" name="verifyMainArticleHasMedia" finished-at="2017-12-20T20:21:19Z" duration-ms="304" status="PASS">
          <reporter-output>
            <line>
              <![CDATA[The main article has a picture/video. 
]]>
            </line>
          </reporter-output>
        </test-method> <!-- verifyMainArticleHasMedia -->
        <test-method signature="verifyNavigationToMainArticle()[pri:3, instance:website_navigation.NewTest@1bd4fdd]" started-at="2017-12-20T20:21:19Z" name="verifyNavigationToMainArticle" finished-at="2017-12-20T20:21:27Z" duration-ms="8127" status="PASS">
          <reporter-output>
          </reporter-output>
        </test-method> <!-- verifyNavigationToMainArticle -->
        <test-method signature="verifyArticlePageHasMedia()[pri:4, instance:website_navigation.NewTest@1bd4fdd]" started-at="2017-12-20T20:21:27Z" name="verifyArticlePageHasMedia" finished-at="2017-12-20T20:21:27Z" duration-ms="0" status="PASS">
          <reporter-output>
            <line>
              <![CDATA[The page has been navigated to the main article, and the picture/video is present in the article. 
]]>
            </line>
          </reporter-output>
        </test-method> <!-- verifyArticlePageHasMedia -->
        <test-method is-config="true" signature="close()[pri:0, instance:website_navigation.NewTest@1bd4fdd]" started-at="2017-12-20T20:21:27Z" name="close" finished-at="2017-12-20T20:21:28Z" duration-ms="649" status="PASS">
          <reporter-output>
          </reporter-output>
        </test-method> <!-- close -->
      </class> <!-- website_navigation.NewTest -->
    </test> <!-- NewTest -->
  </suite> <!-- StraitTimes test -->
</testng-results>
