<?xml version="1.0" encoding="UTF-8"?>
<testng-results ignored="0" total="4" passed="4" failed="0" skipped="0">
  <reporter-output>
    <line>
      <![CDATA[The main article has a picture/video. 
]]>
    </line>
    <line>
      <![CDATA[The page has been navigated to the main article, and the picture/video is present in the article. 
]]>
    </line>
  </reporter-output>
  <suite started-at="2017-12-20T12:23:02Z" name="Default suite" finished-at="2017-12-20T12:23:53Z" duration-ms="51856">
    <groups>
    </groups>
    <test started-at="2017-12-20T12:23:02Z" name="Default test" finished-at="2017-12-20T12:23:53Z" duration-ms="51856">
      <class name="website_navigation.NewTest">
        <test-method is-config="true" signature="setup()[pri:0, instance:website_navigation.NewTest@7b02881e]" started-at="2017-12-20T20:23:02Z" name="setup" finished-at="2017-12-20T20:23:29Z" duration-ms="27120" status="PASS">
          <reporter-output>
          </reporter-output>
        </test-method> <!-- setup -->
        <test-method signature="login()[pri:1, instance:website_navigation.NewTest@7b02881e]" started-at="2017-12-20T20:23:29Z" name="login" finished-at="2017-12-20T20:23:47Z" duration-ms="17855" status="PASS">
          <reporter-output>
          </reporter-output>
        </test-method> <!-- login -->
        <test-method signature="verifyMainArticleHasMedia()[pri:2, instance:website_navigation.NewTest@7b02881e]" started-at="2017-12-20T20:23:47Z" name="verifyMainArticleHasMedia" finished-at="2017-12-20T20:23:47Z" duration-ms="324" status="PASS">
          <reporter-output>
            <line>
              <![CDATA[The main article has a picture/video. 
]]>
            </line>
          </reporter-output>
        </test-method> <!-- verifyMainArticleHasMedia -->
        <test-method signature="verifyNavigationToMainArticle()[pri:3, instance:website_navigation.NewTest@7b02881e]" started-at="2017-12-20T20:23:47Z" name="verifyNavigationToMainArticle" finished-at="2017-12-20T20:23:53Z" duration-ms="6265" status="PASS">
          <reporter-output>
          </reporter-output>
        </test-method> <!-- verifyNavigationToMainArticle -->
        <test-method signature="verifyArticlePageHasMedia()[pri:4, instance:website_navigation.NewTest@7b02881e]" started-at="2017-12-20T20:23:53Z" name="verifyArticlePageHasMedia" finished-at="2017-12-20T20:23:53Z" duration-ms="1" status="PASS">
          <reporter-output>
            <line>
              <![CDATA[The page has been navigated to the main article, and the picture/video is present in the article. 
]]>
            </line>
          </reporter-output>
        </test-method> <!-- verifyArticlePageHasMedia -->
        <test-method is-config="true" signature="close()[pri:0, instance:website_navigation.NewTest@7b02881e]" started-at="2017-12-20T20:23:53Z" name="close" finished-at="2017-12-20T20:23:53Z" duration-ms="225" status="PASS">
          <reporter-output>
          </reporter-output>
        </test-method> <!-- close -->
      </class> <!-- website_navigation.NewTest -->
    </test> <!-- Default test -->
  </suite> <!-- Default suite -->
</testng-results>
